trainable params: 29,933,568 || all params: 3,115,872,256 || trainable%: 0.9607
{'loss': '0.6921', 'grad_norm': '0.6697', 'learning_rate': '8.911e-06', 'epoch': '0.008864'}
{'loss': '0.4066', 'grad_norm': '0.2607', 'learning_rate': '1.881e-05', 'epoch': '0.01773'}
{'loss': '0.07585', 'grad_norm': '0.1043', 'learning_rate': '2.871e-05', 'epoch': '0.02659'}
{'loss': '0.0576', 'grad_norm': '0.09653', 'learning_rate': '3.861e-05', 'epoch': '0.03546'}
{'loss': '0.1107', 'grad_norm': '0.07947', 'learning_rate': '4.851e-05', 'epoch': '0.04432'}
{'loss': '0.05908', 'grad_norm': '0.1171', 'learning_rate': '5.842e-05', 'epoch': '0.05319'}
{'loss': '0.04378', 'grad_norm': '0.04246', 'learning_rate': '6.832e-05', 'epoch': '0.06205'}
{'loss': '0.07617', 'grad_norm': '0.03687', 'learning_rate': '7.822e-05', 'epoch': '0.07091'}
{'loss': '0.03971', 'grad_norm': '0.0425', 'learning_rate': '8.812e-05', 'epoch': '0.07978'}
{'loss': '0.02638', 'grad_norm': '0.02436', 'learning_rate': '9.802e-05', 'epoch': '0.08864'}
{'loss': '0.02753', 'grad_norm': '0.04784', 'learning_rate': '9.976e-05', 'epoch': '0.09751'}
{'loss': '0.02886', 'grad_norm': '0.05441', 'learning_rate': '9.945e-05', 'epoch': '0.1064'}
{'loss': '0.04966', 'grad_norm': '0.06048', 'learning_rate': '9.915e-05', 'epoch': '0.1152'}
{'loss': '0.02944', 'grad_norm': '0.04728', 'learning_rate': '9.884e-05', 'epoch': '0.1241'}
{'loss': '0.04847', 'grad_norm': '0.05126', 'learning_rate': '9.854e-05', 'epoch': '0.133'}
{'loss': '0.0292', 'grad_norm': '0.07464', 'learning_rate': '9.823e-05', 'epoch': '0.1418'}
{'loss': '0.05725', 'grad_norm': '0.03482', 'learning_rate': '9.793e-05', 'epoch': '0.1507'}
{'loss': '0.03349', 'grad_norm': '0.05171', 'learning_rate': '9.763e-05', 'epoch': '0.1596'}
{'loss': '0.02942', 'grad_norm': '0.04611', 'learning_rate': '9.732e-05', 'epoch': '0.1684'}
{'loss': '0.0697', 'grad_norm': '0.0255', 'learning_rate': '9.702e-05', 'epoch': '0.1773'}
{'eval_loss': '0.03726', 'eval_runtime': '56.48', 'eval_samples_per_second': '16.82', 'eval_steps_per_second': '8.41', 'epoch': '0.1773'}
{'loss': '0.03365', 'grad_norm': '0.04456', 'learning_rate': '9.671e-05', 'epoch': '0.1861'}
{'loss': '0.04449', 'grad_norm': '0.04445', 'learning_rate': '9.641e-05', 'epoch': '0.195'}
{'loss': '0.02607', 'grad_norm': '0.03214', 'learning_rate': '9.61e-05', 'epoch': '0.2039'}
{'loss': '0.0355', 'grad_norm': '0.04196', 'learning_rate': '9.58e-05', 'epoch': '0.2127'}
{'loss': '0.07391', 'grad_norm': '0.04692', 'learning_rate': '9.55e-05', 'epoch': '0.2216'}
{'loss': '0.03482', 'grad_norm': '0.02755', 'learning_rate': '9.519e-05', 'epoch': '0.2305'}
{'loss': '0.04911', 'grad_norm': '0.04305', 'learning_rate': '9.489e-05', 'epoch': '0.2393'}
{'loss': '0.03385', 'grad_norm': '0.0215', 'learning_rate': '9.458e-05', 'epoch': '0.2482'}
{'loss': '0.05472', 'grad_norm': '0.03921', 'learning_rate': '9.428e-05', 'epoch': '0.2571'}
{'loss': '0.06544', 'grad_norm': '0.0381', 'learning_rate': '9.397e-05', 'epoch': '0.2659'}
{'loss': '0.04572', 'grad_norm': '0.05657', 'learning_rate': '9.367e-05', 'epoch': '0.2748'}
{'loss': '0.04407', 'grad_norm': '0.02988', 'learning_rate': '9.337e-05', 'epoch': '0.2837'}
{'loss': '0.02526', 'grad_norm': '0.02636', 'learning_rate': '9.306e-05', 'epoch': '0.2925'}
{'loss': '0.0496', 'grad_norm': '0.01493', 'learning_rate': '9.276e-05', 'epoch': '0.3014'}
{'loss': '0.04276', 'grad_norm': '0.05922', 'learning_rate': '9.245e-05', 'epoch': '0.3102'}
{'loss': '0.04088', 'grad_norm': '0.01669', 'learning_rate': '9.215e-05', 'epoch': '0.3191'}
{'loss': '0.05216', 'grad_norm': '0.04887', 'learning_rate': '9.184e-05', 'epoch': '0.328'}
{'loss': '0.02945', 'grad_norm': '0.03109', 'learning_rate': '9.154e-05', 'epoch': '0.3368'}
{'loss': '0.06369', 'grad_norm': '0.03996', 'learning_rate': '9.124e-05', 'epoch': '0.3457'}
{'loss': '0.02195', 'grad_norm': '0.04668', 'learning_rate': '9.093e-05', 'epoch': '0.3546'}
{'eval_loss': '0.0341', 'eval_runtime': '56.29', 'eval_samples_per_second': '16.88', 'eval_steps_per_second': '8.438', 'epoch': '0.3546'}
{'loss': '0.04184', 'grad_norm': '0.0291', 'learning_rate': '9.063e-05', 'epoch': '0.3634'}
{'loss': '0.02318', 'grad_norm': '0.01657', 'learning_rate': '9.032e-05', 'epoch': '0.3723'}
{'loss': '0.0273', 'grad_norm': '0.03099', 'learning_rate': '9.002e-05', 'epoch': '0.3812'}
{'loss': '0.03966', 'grad_norm': '0.04397', 'learning_rate': '8.971e-05', 'epoch': '0.39'}
{'loss': '0.02547', 'grad_norm': '0.01871', 'learning_rate': '8.941e-05', 'epoch': '0.3989'}
{'loss': '0.01833', 'grad_norm': '0.02032', 'learning_rate': '8.911e-05', 'epoch': '0.4078'}
{'loss': '0.04352', 'grad_norm': '0.03456', 'learning_rate': '8.88e-05', 'epoch': '0.4166'}
{'loss': '0.03378', 'grad_norm': '0.02699', 'learning_rate': '8.85e-05', 'epoch': '0.4255'}
{'loss': '0.02467', 'grad_norm': '0.01965', 'learning_rate': '8.819e-05', 'epoch': '0.4343'}
{'loss': '0.0591', 'grad_norm': '0.02531', 'learning_rate': '8.789e-05', 'epoch': '0.4432'}
{'loss': '0.02663', 'grad_norm': '0.04074', 'learning_rate': '8.758e-05', 'epoch': '0.4521'}
{'loss': '0.03947', 'grad_norm': '0.02801', 'learning_rate': '8.728e-05', 'epoch': '0.4609'}
{'loss': '0.03096', 'grad_norm': '0.03266', 'learning_rate': '8.698e-05', 'epoch': '0.4698'}
{'loss': '0.02687', 'grad_norm': '0.02407', 'learning_rate': '8.667e-05', 'epoch': '0.4787'}
{'loss': '0.0557', 'grad_norm': '0.04899', 'learning_rate': '8.637e-05', 'epoch': '0.4875'}
{'loss': '0.02403', 'grad_norm': '0.008066', 'learning_rate': '8.606e-05', 'epoch': '0.4964'}
{'loss': '0.05033', 'grad_norm': '0.03185', 'learning_rate': '8.576e-05', 'epoch': '0.5053'}
{'loss': '0.04573', 'grad_norm': '0.02617', 'learning_rate': '8.545e-05', 'epoch': '0.5141'}
{'loss': '0.03906', 'grad_norm': '0.1249', 'learning_rate': '8.515e-05', 'epoch': '0.523'}
{'loss': '0.01795', 'grad_norm': '0.04101', 'learning_rate': '8.484e-05', 'epoch': '0.5319'}
{'eval_loss': '0.03343', 'eval_runtime': '56.47', 'eval_samples_per_second': '16.82', 'eval_steps_per_second': '8.412', 'epoch': '0.5319'}
{'loss': '0.03456', 'grad_norm': '0.03791', 'learning_rate': '8.454e-05', 'epoch': '0.5407'}
{'loss': '0.04638', 'grad_norm': '0.008177', 'learning_rate': '8.424e-05', 'epoch': '0.5496'}
{'loss': '0.02927', 'grad_norm': '0.02257', 'learning_rate': '8.393e-05', 'epoch': '0.5584'}
{'loss': '0.06992', 'grad_norm': '0.008916', 'learning_rate': '8.363e-05', 'epoch': '0.5673'}
{'loss': '0.04831', 'grad_norm': '0.02543', 'learning_rate': '8.332e-05', 'epoch': '0.5762'}
{'loss': '0.03222', 'grad_norm': '0.02424', 'learning_rate': '8.302e-05', 'epoch': '0.585'}
{'loss': '0.0779', 'grad_norm': '0.02949', 'learning_rate': '8.271e-05', 'epoch': '0.5939'}
{'loss': '0.02792', 'grad_norm': '0.01518', 'learning_rate': '8.241e-05', 'epoch': '0.6028'}
{'loss': '0.02799', 'grad_norm': '0.02136', 'learning_rate': '8.211e-05', 'epoch': '0.6116'}
{'loss': '0.05411', 'grad_norm': '0.02499', 'learning_rate': '8.18e-05', 'epoch': '0.6205'}
{'loss': '0.01949', 'grad_norm': '0.0288', 'learning_rate': '8.15e-05', 'epoch': '0.6294'}
{'loss': '0.0479', 'grad_norm': '0.06699', 'learning_rate': '8.119e-05', 'epoch': '0.6382'}
{'loss': '0.05881', 'grad_norm': '0.1204', 'learning_rate': '8.089e-05', 'epoch': '0.6471'}
{'loss': '0.03465', 'grad_norm': '0.02411', 'learning_rate': '8.058e-05', 'epoch': '0.656'}
{'loss': '0.0621', 'grad_norm': '0.02637', 'learning_rate': '8.028e-05', 'epoch': '0.6648'}
{'loss': '0.03088', 'grad_norm': '0.02014', 'learning_rate': '7.998e-05', 'epoch': '0.6737'}
{'loss': '0.04694', 'grad_norm': '0.04359', 'learning_rate': '7.967e-05', 'epoch': '0.6825'}
{'loss': '0.05535', 'grad_norm': '0.04326', 'learning_rate': '7.937e-05', 'epoch': '0.6914'}
{'loss': '0.02032', 'grad_norm': '0.01361', 'learning_rate': '7.906e-05', 'epoch': '0.7003'}
{'loss': '0.02645', 'grad_norm': '0.01749', 'learning_rate': '7.876e-05', 'epoch': '0.7091'}
{'eval_loss': '0.03403', 'eval_runtime': '56.27', 'eval_samples_per_second': '16.88', 'eval_steps_per_second': '8.442', 'epoch': '0.7091'}
{'loss': '0.0641', 'grad_norm': '0.03033', 'learning_rate': '7.845e-05', 'epoch': '0.718'}
{'loss': '0.0313', 'grad_norm': '0.0186', 'learning_rate': '7.815e-05', 'epoch': '0.7269'}
{'loss': '0.05616', 'grad_norm': '0.02039', 'learning_rate': '7.785e-05', 'epoch': '0.7357'}
{'loss': '0.03105', 'grad_norm': '0.0138', 'learning_rate': '7.754e-05', 'epoch': '0.7446'}
{'loss': '0.0487', 'grad_norm': '0.04106', 'learning_rate': '7.724e-05', 'epoch': '0.7535'}
{'loss': '0.03123', 'grad_norm': '0.02957', 'learning_rate': '7.693e-05', 'epoch': '0.7623'}
{'loss': '0.04263', 'grad_norm': '0.02774', 'learning_rate': '7.663e-05', 'epoch': '0.7712'}
{'loss': '0.02184', 'grad_norm': '0.0093', 'learning_rate': '7.632e-05', 'epoch': '0.7801'}
{'loss': '0.04142', 'grad_norm': '0.05826', 'learning_rate': '7.602e-05', 'epoch': '0.7889'}
{'loss': '0.03837', 'grad_norm': '0.03278', 'learning_rate': '7.572e-05', 'epoch': '0.7978'}
{'loss': '0.0301', 'grad_norm': '0.03495', 'learning_rate': '7.541e-05', 'epoch': '0.8066'}
{'loss': '0.02636', 'grad_norm': '0.04971', 'learning_rate': '7.511e-05', 'epoch': '0.8155'}
{'loss': '0.01972', 'grad_norm': '0.02494', 'learning_rate': '7.48e-05', 'epoch': '0.8244'}
{'loss': '0.06884', 'grad_norm': '0.03965', 'learning_rate': '7.45e-05', 'epoch': '0.8332'}
{'loss': '0.04088', 'grad_norm': '0.05553', 'learning_rate': '7.419e-05', 'epoch': '0.8421'}
{'loss': '0.03013', 'grad_norm': '0.02464', 'learning_rate': '7.389e-05', 'epoch': '0.851'}
{'loss': '0.02994', 'grad_norm': '0.07916', 'learning_rate': '7.358e-05', 'epoch': '0.8598'}
{'loss': '0.04176', 'grad_norm': '0.03049', 'learning_rate': '7.328e-05', 'epoch': '0.8687'}
{'loss': '0.02596', 'grad_norm': '0.03907', 'learning_rate': '7.298e-05', 'epoch': '0.8776'}
{'loss': '0.03923', 'grad_norm': '0.0138', 'learning_rate': '7.267e-05', 'epoch': '0.8864'}
{'eval_loss': '0.03195', 'eval_runtime': '56.21', 'eval_samples_per_second': '16.9', 'eval_steps_per_second': '8.451', 'epoch': '0.8864'}
{'loss': '0.01588', 'grad_norm': '0.01859', 'learning_rate': '7.237e-05', 'epoch': '0.8953'}
{'loss': '0.03489', 'grad_norm': '0.07725', 'learning_rate': '7.206e-05', 'epoch': '0.9042'}
{'loss': '0.03508', 'grad_norm': '0.02471', 'learning_rate': '7.176e-05', 'epoch': '0.913'}
{'loss': '0.02562', 'grad_norm': '0.02825', 'learning_rate': '7.145e-05', 'epoch': '0.9219'}
{'loss': '0.04118', 'grad_norm': '0.02902', 'learning_rate': '7.115e-05', 'epoch': '0.9307'}
{'loss': '0.02087', 'grad_norm': '0.01811', 'learning_rate': '7.085e-05', 'epoch': '0.9396'}
{'loss': '0.01788', 'grad_norm': '0.02557', 'learning_rate': '7.054e-05', 'epoch': '0.9485'}
{'loss': '0.01717', 'grad_norm': '0.01169', 'learning_rate': '7.024e-05', 'epoch': '0.9573'}
{'loss': '0.04693', 'grad_norm': '0.03796', 'learning_rate': '6.993e-05', 'epoch': '0.9662'}
{'loss': '0.02046', 'grad_norm': '0.01837', 'learning_rate': '6.963e-05', 'epoch': '0.9751'}
{'loss': '0.06449', 'grad_norm': '0.04303', 'learning_rate': '6.932e-05', 'epoch': '0.9839'}
{'loss': '0.04152', 'grad_norm': '0.03025', 'learning_rate': '6.902e-05', 'epoch': '0.9928'}
{'loss': '0.03012', 'grad_norm': '0.1081', 'learning_rate': '6.872e-05', 'epoch': '1.001'}
{'loss': '0.03294', 'grad_norm': '0.02669', 'learning_rate': '6.841e-05', 'epoch': '1.01'}
{'loss': '0.02147', 'grad_norm': '0.01966', 'learning_rate': '6.811e-05', 'epoch': '1.019'}
{'loss': '0.01783', 'grad_norm': '0.0194', 'learning_rate': '6.78e-05', 'epoch': '1.027'}
{'loss': '0.02521', 'grad_norm': '0.01859', 'learning_rate': '6.75e-05', 'epoch': '1.036'}
{'loss': '0.01209', 'grad_norm': '0.02547', 'learning_rate': '6.719e-05', 'epoch': '1.045'}
{'loss': '0.01449', 'grad_norm': '0.03528', 'learning_rate': '6.689e-05', 'epoch': '1.054'}
{'loss': '0.02276', 'grad_norm': '0.01804', 'learning_rate': '6.659e-05', 'epoch': '1.063'}
{'eval_loss': '0.03147', 'eval_runtime': '56.21', 'eval_samples_per_second': '16.9', 'eval_steps_per_second': '8.451', 'epoch': '1.063'}
{'loss': '0.01344', 'grad_norm': '0.01361', 'learning_rate': '6.628e-05', 'epoch': '1.072'}
{'loss': '0.01785', 'grad_norm': '0.03565', 'learning_rate': '6.598e-05', 'epoch': '1.081'}
{'loss': '0.0314', 'grad_norm': '0.03524', 'learning_rate': '6.567e-05', 'epoch': '1.09'}
{'loss': '0.02484', 'grad_norm': '0.02119', 'learning_rate': '6.537e-05', 'epoch': '1.098'}
{'loss': '0.01759', 'grad_norm': '0.01376', 'learning_rate': '6.506e-05', 'epoch': '1.107'}
{'loss': '0.04398', 'grad_norm': '0.08661', 'learning_rate': '6.476e-05', 'epoch': '1.116'}
{'loss': '0.01062', 'grad_norm': '0.01213', 'learning_rate': '6.446e-05', 'epoch': '1.125'}
{'loss': '0.02013', 'grad_norm': '0.03172', 'learning_rate': '6.415e-05', 'epoch': '1.134'}
{'loss': '0.02914', 'grad_norm': '0.03743', 'learning_rate': '6.385e-05', 'epoch': '1.143'}
{'loss': '0.01569', 'grad_norm': '0.01454', 'learning_rate': '6.354e-05', 'epoch': '1.152'}
{'loss': '0.07779', 'grad_norm': '0.01583', 'learning_rate': '6.324e-05', 'epoch': '1.16'}
{'loss': '0.01993', 'grad_norm': '0.03253', 'learning_rate': '6.293e-05', 'epoch': '1.169'}
{'loss': '0.03107', 'grad_norm': '0.02709', 'learning_rate': '6.263e-05', 'epoch': '1.178'}
{'loss': '0.01565', 'grad_norm': '0.01735', 'learning_rate': '6.233e-05', 'epoch': '1.187'}
{'loss': '0.03096', 'grad_norm': '0.02536', 'learning_rate': '6.202e-05', 'epoch': '1.196'}
{'loss': '0.01737', 'grad_norm': '0.03784', 'learning_rate': '6.172e-05', 'epoch': '1.205'}
{'loss': '0.02928', 'grad_norm': '0.02308', 'learning_rate': '6.141e-05', 'epoch': '1.214'}
{'loss': '0.01915', 'grad_norm': '0.0388', 'learning_rate': '6.111e-05', 'epoch': '1.222'}
{'loss': '0.02408', 'grad_norm': '0.01881', 'learning_rate': '6.08e-05', 'epoch': '1.231'}
{'loss': '0.01554', 'grad_norm': '0.04055', 'learning_rate': '6.05e-05', 'epoch': '1.24'}
{'eval_loss': '0.03136', 'eval_runtime': '56.22', 'eval_samples_per_second': '16.9', 'eval_steps_per_second': '8.449', 'epoch': '1.24'}
{'loss': '0.04582', 'grad_norm': '0.008779', 'learning_rate': '6.019e-05', 'epoch': '1.249'}
{'loss': '0.01582', 'grad_norm': '0.01535', 'learning_rate': '5.989e-05', 'epoch': '1.258'}
{'loss': '0.02405', 'grad_norm': '0.009669', 'learning_rate': '5.959e-05', 'epoch': '1.267'}
{'loss': '0.05225', 'grad_norm': '0.0261', 'learning_rate': '5.928e-05', 'epoch': '1.276'}
{'loss': '0.04304', 'grad_norm': '0.02858', 'learning_rate': '5.898e-05', 'epoch': '1.285'}
{'loss': '0.02748', 'grad_norm': '0.02462', 'learning_rate': '5.867e-05', 'epoch': '1.293'}
{'loss': '0.05646', 'grad_norm': '0.03137', 'learning_rate': '5.837e-05', 'epoch': '1.302'}
{'loss': '0.01455', 'grad_norm': '0.009498', 'learning_rate': '5.806e-05', 'epoch': '1.311'}
{'loss': '0.03009', 'grad_norm': '0.04804', 'learning_rate': '5.776e-05', 'epoch': '1.32'}
{'loss': '0.01188', 'grad_norm': '0.01165', 'learning_rate': '5.746e-05', 'epoch': '1.329'}
{'loss': '0.01996', 'grad_norm': '0.0236', 'learning_rate': '5.715e-05', 'epoch': '1.338'}
{'loss': '0.03243', 'grad_norm': '0.01196', 'learning_rate': '5.685e-05', 'epoch': '1.347'}
{'loss': '0.02039', 'grad_norm': '0.03829', 'learning_rate': '5.654e-05', 'epoch': '1.355'}
{'loss': '0.01653', 'grad_norm': '0.02745', 'learning_rate': '5.624e-05', 'epoch': '1.364'}
{'loss': '0.01611', 'grad_norm': '0.03275', 'learning_rate': '5.593e-05', 'epoch': '1.373'}
{'loss': '0.0258', 'grad_norm': '0.02966', 'learning_rate': '5.563e-05', 'epoch': '1.382'}
{'loss': '0.04096', 'grad_norm': '0.02343', 'learning_rate': '5.533e-05', 'epoch': '1.391'}
{'loss': '0.01541', 'grad_norm': '0.01012', 'learning_rate': '5.502e-05', 'epoch': '1.4'}
{'loss': '0.04109', 'grad_norm': '0.01735', 'learning_rate': '5.472e-05', 'epoch': '1.409'}
{'loss': '0.01082', 'grad_norm': '0.0102', 'learning_rate': '5.441e-05', 'epoch': '1.418'}
{'eval_loss': '0.03035', 'eval_runtime': '56.24', 'eval_samples_per_second': '16.89', 'eval_steps_per_second': '8.446', 'epoch': '1.418'}
{'loss': '0.02171', 'grad_norm': '0.006393', 'learning_rate': '5.411e-05', 'epoch': '1.426'}
{'loss': '0.04142', 'grad_norm': '0.02243', 'learning_rate': '5.38e-05', 'epoch': '1.435'}
{'loss': '0.02212', 'grad_norm': '0.01927', 'learning_rate': '5.35e-05', 'epoch': '1.444'}
{'loss': '0.02659', 'grad_norm': '0.009677', 'learning_rate': '5.32e-05', 'epoch': '1.453'}
{'loss': '0.04045', 'grad_norm': '0.03551', 'learning_rate': '5.289e-05', 'epoch': '1.462'}
{'loss': '0.02228', 'grad_norm': '0.0228', 'learning_rate': '5.259e-05', 'epoch': '1.471'}
{'loss': '0.01411', 'grad_norm': '0.01256', 'learning_rate': '5.228e-05', 'epoch': '1.48'}
{'loss': '0.06496', 'grad_norm': '0.03504', 'learning_rate': '5.198e-05', 'epoch': '1.488'}
{'loss': '0.03382', 'grad_norm': '0.03211', 'learning_rate': '5.167e-05', 'epoch': '1.497'}
{'loss': '0.01322', 'grad_norm': '0.005532', 'learning_rate': '5.137e-05', 'epoch': '1.506'}
{'loss': '0.01645', 'grad_norm': '0.04576', 'learning_rate': '5.107e-05', 'epoch': '1.515'}
{'loss': '0.01744', 'grad_norm': '0.0334', 'learning_rate': '5.076e-05', 'epoch': '1.524'}
{'loss': '0.0338', 'grad_norm': '0.02539', 'learning_rate': '5.046e-05', 'epoch': '1.533'}
{'loss': '0.08464', 'grad_norm': '0.02228', 'learning_rate': '5.015e-05', 'epoch': '1.542'}
{'loss': '0.0157', 'grad_norm': '0.01172', 'learning_rate': '4.985e-05', 'epoch': '1.55'}
{'loss': '0.01313', 'grad_norm': '0.02896', 'learning_rate': '4.954e-05', 'epoch': '1.559'}
{'loss': '0.01143', 'grad_norm': '0.01014', 'learning_rate': '4.924e-05', 'epoch': '1.568'}
{'loss': '0.01732', 'grad_norm': '0.02121', 'learning_rate': '4.893e-05', 'epoch': '1.577'}
{'loss': '0.02361', 'grad_norm': '0.037', 'learning_rate': '4.863e-05', 'epoch': '1.586'}
{'loss': '0.01814', 'grad_norm': '0.01974', 'learning_rate': '4.833e-05', 'epoch': '1.595'}
{'eval_loss': '0.03327', 'eval_runtime': '56.15', 'eval_samples_per_second': '16.92', 'eval_steps_per_second': '8.46', 'epoch': '1.595'}
{'loss': '0.01571', 'grad_norm': '0.01553', 'learning_rate': '4.802e-05', 'epoch': '1.604'}
{'loss': '0.01543', 'grad_norm': '0.006625', 'learning_rate': '4.772e-05', 'epoch': '1.613'}
{'loss': '0.03719', 'grad_norm': '0.01598', 'learning_rate': '4.741e-05', 'epoch': '1.621'}
{'loss': '0.01781', 'grad_norm': '0.02969', 'learning_rate': '4.711e-05', 'epoch': '1.63'}
{'loss': '0.04459', 'grad_norm': '0.02183', 'learning_rate': '4.68e-05', 'epoch': '1.639'}
{'loss': '0.02536', 'grad_norm': '0.03559', 'learning_rate': '4.65e-05', 'epoch': '1.648'}
{'loss': '0.04194', 'grad_norm': '0.008474', 'learning_rate': '4.62e-05', 'epoch': '1.657'}
{'loss': '0.02255', 'grad_norm': '0.02106', 'learning_rate': '4.589e-05', 'epoch': '1.666'}
{'loss': '0.01158', 'grad_norm': '0.0324', 'learning_rate': '4.559e-05', 'epoch': '1.675'}
{'loss': '0.02296', 'grad_norm': '0.02262', 'learning_rate': '4.528e-05', 'epoch': '1.683'}
{'loss': '0.02118', 'grad_norm': '0.004595', 'learning_rate': '4.498e-05', 'epoch': '1.692'}
{'loss': '0.02226', 'grad_norm': '0.01627', 'learning_rate': '4.467e-05', 'epoch': '1.701'}
{'loss': '0.04121', 'grad_norm': '0.05852', 'learning_rate': '4.437e-05', 'epoch': '1.71'}
{'loss': '0.03273', 'grad_norm': '0.0151', 'learning_rate': '4.407e-05', 'epoch': '1.719'}
{'loss': '0.01632', 'grad_norm': '0.02752', 'learning_rate': '4.376e-05', 'epoch': '1.728'}
{'loss': '0.05382', 'grad_norm': '0.007839', 'learning_rate': '4.346e-05', 'epoch': '1.737'}
{'loss': '0.01653', 'grad_norm': '0.04571', 'learning_rate': '4.315e-05', 'epoch': '1.745'}
{'loss': '0.01863', 'grad_norm': '0.02529', 'learning_rate': '4.285e-05', 'epoch': '1.754'}
{'loss': '0.02572', 'grad_norm': '0.03016', 'learning_rate': '4.254e-05', 'epoch': '1.763'}
{'loss': '0.01927', 'grad_norm': '0.01673', 'learning_rate': '4.224e-05', 'epoch': '1.772'}
{'eval_loss': '0.02952', 'eval_runtime': '56.17', 'eval_samples_per_second': '16.91', 'eval_steps_per_second': '8.456', 'epoch': '1.772'}
{'loss': '0.03746', 'grad_norm': '0.03634', 'learning_rate': '4.194e-05', 'epoch': '1.781'}
{'loss': '0.04111', 'grad_norm': '0.02799', 'learning_rate': '4.163e-05', 'epoch': '1.79'}
{'loss': '0.03145', 'grad_norm': '0.02082', 'learning_rate': '4.133e-05', 'epoch': '1.799'}
{'loss': '0.02479', 'grad_norm': '0.04589', 'learning_rate': '4.102e-05', 'epoch': '1.808'}
{'loss': '0.0324', 'grad_norm': '0.02084', 'learning_rate': '4.072e-05', 'epoch': '1.816'}
{'loss': '0.01574', 'grad_norm': '0.0165', 'learning_rate': '4.041e-05', 'epoch': '1.825'}
{'loss': '0.01891', 'grad_norm': '0.01445', 'learning_rate': '4.011e-05', 'epoch': '1.834'}
{'loss': '0.04774', 'grad_norm': '0.06069', 'learning_rate': '3.981e-05', 'epoch': '1.843'}
{'loss': '0.01865', 'grad_norm': '0.01845', 'learning_rate': '3.95e-05', 'epoch': '1.852'}
{'loss': '0.01954', 'grad_norm': '0.01476', 'learning_rate': '3.92e-05', 'epoch': '1.861'}
{'loss': '0.01907', 'grad_norm': '0.02124', 'learning_rate': '3.889e-05', 'epoch': '1.87'}
{'loss': '0.03159', 'grad_norm': '0.03409', 'learning_rate': '3.859e-05', 'epoch': '1.878'}
{'loss': '0.02823', 'grad_norm': '0.0307', 'learning_rate': '3.828e-05', 'epoch': '1.887'}
{'loss': '0.01207', 'grad_norm': '0.02681', 'learning_rate': '3.798e-05', 'epoch': '1.896'}
{'loss': '0.01709', 'grad_norm': '0.007185', 'learning_rate': '3.767e-05', 'epoch': '1.905'}
{'loss': '0.01146', 'grad_norm': '0.02633', 'learning_rate': '3.737e-05', 'epoch': '1.914'}
{'loss': '0.04416', 'grad_norm': '0.04055', 'learning_rate': '3.707e-05', 'epoch': '1.923'}
{'loss': '0.01939', 'grad_norm': '0.02931', 'learning_rate': '3.676e-05', 'epoch': '1.932'}
{'loss': '0.01857', 'grad_norm': '0.03975', 'learning_rate': '3.646e-05', 'epoch': '1.94'}
{'loss': '0.0279', 'grad_norm': '0.03091', 'learning_rate': '3.615e-05', 'epoch': '1.949'}
{'eval_loss': '0.02841', 'eval_runtime': '56.19', 'eval_samples_per_second': '16.91', 'eval_steps_per_second': '8.454', 'epoch': '1.949'}
{'loss': '0.01627', 'grad_norm': '0.04083', 'learning_rate': '3.585e-05', 'epoch': '1.958'}
{'loss': '0.02474', 'grad_norm': '0.01915', 'learning_rate': '3.554e-05', 'epoch': '1.967'}
{'loss': '0.04667', 'grad_norm': '0.059', 'learning_rate': '3.524e-05', 'epoch': '1.976'}
{'loss': '0.03282', 'grad_norm': '0.0158', 'learning_rate': '3.494e-05', 'epoch': '1.985'}
{'loss': '0.01984', 'grad_norm': '0.01709', 'learning_rate': '3.463e-05', 'epoch': '1.994'}
{'loss': '0.02139', 'grad_norm': '0.00969', 'learning_rate': '3.433e-05', 'epoch': '2.002'}
{'loss': '0.01209', 'grad_norm': '0.05034', 'learning_rate': '3.402e-05', 'epoch': '2.011'}
{'loss': '0.00949', 'grad_norm': '0.01634', 'learning_rate': '3.372e-05', 'epoch': '2.02'}
{'loss': '0.02759', 'grad_norm': '0.01037', 'learning_rate': '3.341e-05', 'epoch': '2.028'}
{'loss': '0.01529', 'grad_norm': '0.01377', 'learning_rate': '3.311e-05', 'epoch': '2.037'}
{'loss': '0.007309', 'grad_norm': '0.005111', 'learning_rate': '3.281e-05', 'epoch': '2.046'}
{'loss': '0.009363', 'grad_norm': '0.0156', 'learning_rate': '3.25e-05', 'epoch': '2.055'}
{'loss': '0.01737', 'grad_norm': '0.01494', 'learning_rate': '3.22e-05', 'epoch': '2.064'}
{'loss': '0.0153', 'grad_norm': '0.01592', 'learning_rate': '3.189e-05', 'epoch': '2.073'}
{'loss': '0.01645', 'grad_norm': '0.0601', 'learning_rate': '3.159e-05', 'epoch': '2.082'}
{'loss': '0.01459', 'grad_norm': '0.03521', 'learning_rate': '3.128e-05', 'epoch': '2.09'}
{'loss': '0.008344', 'grad_norm': '0.04158', 'learning_rate': '3.098e-05', 'epoch': '2.099'}
{'loss': '0.01113', 'grad_norm': '0.01813', 'learning_rate': '3.068e-05', 'epoch': '2.108'}
{'loss': '0.02431', 'grad_norm': '0.0271', 'learning_rate': '3.037e-05', 'epoch': '2.117'}
{'loss': '0.01237', 'grad_norm': '0.02985', 'learning_rate': '3.007e-05', 'epoch': '2.126'}
{'eval_loss': '0.02976', 'eval_runtime': '56.17', 'eval_samples_per_second': '16.91', 'eval_steps_per_second': '8.456', 'epoch': '2.126'}
{'loss': '0.02764', 'grad_norm': '0.0261', 'learning_rate': '2.976e-05', 'epoch': '2.135'}
{'loss': '0.009572', 'grad_norm': '0.0257', 'learning_rate': '2.946e-05', 'epoch': '2.144'}
{'loss': '0.009117', 'grad_norm': '0.04321', 'learning_rate': '2.915e-05', 'epoch': '2.152'}
{'loss': '0.01495', 'grad_norm': '0.01844', 'learning_rate': '2.885e-05', 'epoch': '2.161'}
{'loss': '0.02249', 'grad_norm': '0.02677', 'learning_rate': '2.855e-05', 'epoch': '2.17'}
{'loss': '0.01233', 'grad_norm': '0.01852', 'learning_rate': '2.824e-05', 'epoch': '2.179'}
{'loss': '0.01905', 'grad_norm': '0.04222', 'learning_rate': '2.794e-05', 'epoch': '2.188'}
{'loss': '0.02764', 'grad_norm': '0.03361', 'learning_rate': '2.763e-05', 'epoch': '2.197'}
{'loss': '0.008884', 'grad_norm': '0.007154', 'learning_rate': '2.733e-05', 'epoch': '2.206'}
{'loss': '0.00746', 'grad_norm': '0.009157', 'learning_rate': '2.702e-05', 'epoch': '2.215'}
{'loss': '0.01661', 'grad_norm': '0.01781', 'learning_rate': '2.672e-05', 'epoch': '2.223'}
{'loss': '0.008712', 'grad_norm': '0.01603', 'learning_rate': '2.642e-05', 'epoch': '2.232'}
{'loss': '0.0128', 'grad_norm': '0.004818', 'learning_rate': '2.611e-05', 'epoch': '2.241'}
{'loss': '0.01361', 'grad_norm': '0.01317', 'learning_rate': '2.581e-05', 'epoch': '2.25'}
{'loss': '0.009286', 'grad_norm': '0.02363', 'learning_rate': '2.55e-05', 'epoch': '2.259'}
{'loss': '0.01416', 'grad_norm': '0.02277', 'learning_rate': '2.52e-05', 'epoch': '2.268'}
{'loss': '0.01176', 'grad_norm': '0.01283', 'learning_rate': '2.489e-05', 'epoch': '2.277'}
{'loss': '0.007337', 'grad_norm': '0.02124', 'learning_rate': '2.459e-05', 'epoch': '2.285'}
{'loss': '0.009358', 'grad_norm': '0.02005', 'learning_rate': '2.428e-05', 'epoch': '2.294'}
{'loss': '0.006185', 'grad_norm': '0.04009', 'learning_rate': '2.398e-05', 'epoch': '2.303'}
{'eval_loss': '0.03177', 'eval_runtime': '56.4', 'eval_samples_per_second': '16.84', 'eval_steps_per_second': '8.422', 'epoch': '2.303'}
{'loss': '0.02791', 'grad_norm': '0.02632', 'learning_rate': '2.368e-05', 'epoch': '2.312'}
{'loss': '0.008048', 'grad_norm': '0.005431', 'learning_rate': '2.337e-05', 'epoch': '2.321'}
{'loss': '0.07171', 'grad_norm': '0.01613', 'learning_rate': '2.307e-05', 'epoch': '2.33'}
{'loss': '0.01522', 'grad_norm': '0.03408', 'learning_rate': '2.276e-05', 'epoch': '2.339'}
{'loss': '0.007839', 'grad_norm': '0.01775', 'learning_rate': '2.246e-05', 'epoch': '2.347'}
{'loss': '0.01665', 'grad_norm': '0.009377', 'learning_rate': '2.215e-05', 'epoch': '2.356'}
{'loss': '0.007338', 'grad_norm': '0.01146', 'learning_rate': '2.185e-05', 'epoch': '2.365'}
{'loss': '0.03321', 'grad_norm': '0.02908', 'learning_rate': '2.155e-05', 'epoch': '2.374'}
{'loss': '0.04383', 'grad_norm': '0.01154', 'learning_rate': '2.124e-05', 'epoch': '2.383'}
{'loss': '0.009754', 'grad_norm': '0.01261', 'learning_rate': '2.094e-05', 'epoch': '2.392'}
{'loss': '0.02902', 'grad_norm': '0.01065', 'learning_rate': '2.063e-05', 'epoch': '2.401'}
{'loss': '0.03865', 'grad_norm': '0.01994', 'learning_rate': '2.033e-05', 'epoch': '2.41'}
{'loss': '0.00756', 'grad_norm': '0.02343', 'learning_rate': '2.002e-05', 'epoch': '2.418'}
{'loss': '0.00861', 'grad_norm': '0.01656', 'learning_rate': '1.972e-05', 'epoch': '2.427'}
{'loss': '0.01562', 'grad_norm': '0.01672', 'learning_rate': '1.942e-05', 'epoch': '2.436'}
{'loss': '0.01012', 'grad_norm': '0.02402', 'learning_rate': '1.911e-05', 'epoch': '2.445'}
{'loss': '0.009607', 'grad_norm': '0.03682', 'learning_rate': '1.881e-05', 'epoch': '2.454'}
{'loss': '0.006897', 'grad_norm': '0.002644', 'learning_rate': '1.85e-05', 'epoch': '2.463'}
{'loss': '0.0121', 'grad_norm': '0.01615', 'learning_rate': '1.82e-05', 'epoch': '2.472'}
{'loss': '0.01249', 'grad_norm': '0.03341', 'learning_rate': '1.789e-05', 'epoch': '2.48'}
{'eval_loss': '0.03061', 'eval_runtime': '56.47', 'eval_samples_per_second': '16.82', 'eval_steps_per_second': '8.411', 'epoch': '2.48'}
{'loss': '0.009303', 'grad_norm': '0.00631', 'learning_rate': '1.759e-05', 'epoch': '2.489'}
{'loss': '0.01013', 'grad_norm': '0.005881', 'learning_rate': '1.729e-05', 'epoch': '2.498'}
{'loss': '0.02807', 'grad_norm': '0.004884', 'learning_rate': '1.698e-05', 'epoch': '2.507'}
{'loss': '0.02994', 'grad_norm': '0.02544', 'learning_rate': '1.668e-05', 'epoch': '2.516'}
{'loss': '0.007956', 'grad_norm': '0.008422', 'learning_rate': '1.637e-05', 'epoch': '2.525'}
{'loss': '0.02262', 'grad_norm': '0.004624', 'learning_rate': '1.607e-05', 'epoch': '2.534'}
{'loss': '0.006986', 'grad_norm': '0.01066', 'learning_rate': '1.576e-05', 'epoch': '2.542'}
{'loss': '0.01391', 'grad_norm': '0.02755', 'learning_rate': '1.546e-05', 'epoch': '2.551'}
{'loss': '0.02411', 'grad_norm': '0.008184', 'learning_rate': '1.516e-05', 'epoch': '2.56'}
{'loss': '0.00648', 'grad_norm': '0.007867', 'learning_rate': '1.485e-05', 'epoch': '2.569'}
{'loss': '0.03475', 'grad_norm': '0.0381', 'learning_rate': '1.455e-05', 'epoch': '2.578'}
{'loss': '0.03977', 'grad_norm': '0.01289', 'learning_rate': '1.424e-05', 'epoch': '2.587'}
{'loss': '0.01197', 'grad_norm': '0.04527', 'learning_rate': '1.394e-05', 'epoch': '2.596'}
{'loss': '0.006823', 'grad_norm': '0.04063', 'learning_rate': '1.363e-05', 'epoch': '2.605'}
{'loss': '0.02798', 'grad_norm': '0.0309', 'learning_rate': '1.333e-05', 'epoch': '2.613'}
{'loss': '0.01238', 'grad_norm': '0.0261', 'learning_rate': '1.302e-05', 'epoch': '2.622'}
{'loss': '0.01458', 'grad_norm': '0.0116', 'learning_rate': '1.272e-05', 'epoch': '2.631'}
{'loss': '0.01373', 'grad_norm': '0.01204', 'learning_rate': '1.242e-05', 'epoch': '2.64'}
{'loss': '0.007709', 'grad_norm': '0.03899', 'learning_rate': '1.211e-05', 'epoch': '2.649'}
{'loss': '0.01306', 'grad_norm': '0.03067', 'learning_rate': '1.181e-05', 'epoch': '2.658'}
{'eval_loss': '0.02982', 'eval_runtime': '56.26', 'eval_samples_per_second': '16.89', 'eval_steps_per_second': '8.443', 'epoch': '2.658'}
{'loss': '0.01015', 'grad_norm': '0.01246', 'learning_rate': '1.15e-05', 'epoch': '2.667'}
{'loss': '0.02392', 'grad_norm': '0.01309', 'learning_rate': '1.12e-05', 'epoch': '2.675'}
{'loss': '0.009477', 'grad_norm': '0.02457', 'learning_rate': '1.089e-05', 'epoch': '2.684'}
{'loss': '0.006', 'grad_norm': '0.003024', 'learning_rate': '1.059e-05', 'epoch': '2.693'}
{'loss': '0.01909', 'grad_norm': '0.02921', 'learning_rate': '1.029e-05', 'epoch': '2.702'}
{'loss': '0.006942', 'grad_norm': '0.03004', 'learning_rate': '9.982e-06', 'epoch': '2.711'}
{'loss': '0.02798', 'grad_norm': '0.00486', 'learning_rate': '9.677e-06', 'epoch': '2.72'}
{'loss': '0.005403', 'grad_norm': '0.03027', 'learning_rate': '9.373e-06', 'epoch': '2.729'}
{'loss': '0.01895', 'grad_norm': '0.009265', 'learning_rate': '9.069e-06', 'epoch': '2.738'}
{'loss': '0.0148', 'grad_norm': '0.01596', 'learning_rate': '8.764e-06', 'epoch': '2.746'}
{'loss': '0.007069', 'grad_norm': '0.007869', 'learning_rate': '8.46e-06', 'epoch': '2.755'}
{'loss': '0.01229', 'grad_norm': '0.02053', 'learning_rate': '8.156e-06', 'epoch': '2.764'}
{'loss': '0.01009', 'grad_norm': '0.03415', 'learning_rate': '7.851e-06', 'epoch': '2.773'}
{'loss': '0.009568', 'grad_norm': '0.01726', 'learning_rate': '7.547e-06', 'epoch': '2.782'}
{'loss': '0.01629', 'grad_norm': '0.03101', 'learning_rate': '7.243e-06', 'epoch': '2.791'}
{'loss': '0.01588', 'grad_norm': '0.03578', 'learning_rate': '6.939e-06', 'epoch': '2.8'}
{'loss': '0.01738', 'grad_norm': '0.0244', 'learning_rate': '6.634e-06', 'epoch': '2.808'}
{'loss': '0.02943', 'grad_norm': '0.008818', 'learning_rate': '6.33e-06', 'epoch': '2.817'}
{'loss': '0.02354', 'grad_norm': '0.01182', 'learning_rate': '6.026e-06', 'epoch': '2.826'}
{'loss': '0.009771', 'grad_norm': '0.01103', 'learning_rate': '5.721e-06', 'epoch': '2.835'}
{'eval_loss': '0.02949', 'eval_runtime': '56.33', 'eval_samples_per_second': '16.86', 'eval_steps_per_second': '8.433', 'epoch': '2.835'}
{'loss': '0.01172', 'grad_norm': '0.02527', 'learning_rate': '5.417e-06', 'epoch': '2.844'}
{'loss': '0.006809', 'grad_norm': '0.01077', 'learning_rate': '5.113e-06', 'epoch': '2.853'}
{'loss': '0.01027', 'grad_norm': '0.0412', 'learning_rate': '4.808e-06', 'epoch': '2.862'}
{'loss': '0.01736', 'grad_norm': '0.02019', 'learning_rate': '4.504e-06', 'epoch': '2.87'}
{'loss': '0.02546', 'grad_norm': '0.0216', 'learning_rate': '4.2e-06', 'epoch': '2.879'}
{'loss': '0.02102', 'grad_norm': '0.01752', 'learning_rate': '3.895e-06', 'epoch': '2.888'}
{'loss': '0.01902', 'grad_norm': '0.0496', 'learning_rate': '3.591e-06', 'epoch': '2.897'}
{'loss': '0.05183', 'grad_norm': '0.001411', 'learning_rate': '3.287e-06', 'epoch': '2.906'}
{'loss': '0.02269', 'grad_norm': '0.04911', 'learning_rate': '2.982e-06', 'epoch': '2.915'}
{'loss': '0.006912', 'grad_norm': '0.02798', 'learning_rate': '2.678e-06', 'epoch': '2.924'}
{'loss': '0.009523', 'grad_norm': '0.008885', 'learning_rate': '2.374e-06', 'epoch': '2.933'}
{'loss': '0.0149', 'grad_norm': '0.02369', 'learning_rate': '2.069e-06', 'epoch': '2.941'}
{'loss': '0.004837', 'grad_norm': '0.02992', 'learning_rate': '1.765e-06', 'epoch': '2.95'}
{'loss': '0.01719', 'grad_norm': '0.02705', 'learning_rate': '1.461e-06', 'epoch': '2.959'}
{'loss': '0.01529', 'grad_norm': '0.05584', 'learning_rate': '1.156e-06', 'epoch': '2.968'}
{'loss': '0.008257', 'grad_norm': '0.03415', 'learning_rate': '8.521e-07', 'epoch': '2.977'}
{'loss': '0.01017', 'grad_norm': '0.03113', 'learning_rate': '5.478e-07', 'epoch': '2.986'}
{'loss': '0.0121', 'grad_norm': '0.01022', 'learning_rate': '2.435e-07', 'epoch': '2.995'}
{'eval_loss': '0.02931', 'eval_runtime': '56.23', 'eval_samples_per_second': '16.89', 'eval_steps_per_second': '8.447', 'epoch': '3'}
{'train_runtime': '1.257e+04', 'train_samples_per_second': '4.306', 'train_steps_per_second': '0.269', 'train_loss': '0.03051', 'epoch': '3'}
